I, [2016-03-15T13:44:57.722681 #24581]  INFO -- default-ubuntu-1404: -----> Converging <default-ubuntu-1404>...
I, [2016-03-15T13:44:57.727970 #24581]  INFO -- default-ubuntu-1404: Preparing files for transfer
I, [2016-03-15T13:44:57.728189 #24581]  INFO -- default-ubuntu-1404: Preparing dna.json
I, [2016-03-15T13:44:57.734648 #24581]  INFO -- default-ubuntu-1404: Resolving cookbook dependencies with Berkshelf 4.2.1...
I, [2016-03-15T13:44:58.960650 #24581]  INFO -- default-ubuntu-1404: Removing non-cookbook files before transfer
I, [2016-03-15T13:44:58.988840 #24581]  INFO -- default-ubuntu-1404: Preparing data_bags
I, [2016-03-15T13:44:58.991421 #24581]  INFO -- default-ubuntu-1404: Preparing secret
I, [2016-03-15T13:44:58.998296 #24581]  INFO -- default-ubuntu-1404: Preparing validation.pem
I, [2016-03-15T13:44:59.006461 #24581]  INFO -- default-ubuntu-1404: Preparing client.rb
I, [2016-03-15T13:45:00.014040 #24581]  INFO -- default-ubuntu-1404: -----> Chef Omnibus installation detected (install only if missing)
I, [2016-03-15T13:45:00.306440 #24581]  INFO -- default-ubuntu-1404: Transferring files to <default-ubuntu-1404>
I, [2016-03-15T13:45:23.671912 #24581]  INFO -- default-ubuntu-1404: Starting Chef Client, version 12.8.1
I, [2016-03-15T13:45:25.644674 #24581]  INFO -- default-ubuntu-1404: resolving cookbooks for run list: ["awesome_customers_ubuntu::default"]
I, [2016-03-15T13:45:30.470431 #24581]  INFO -- default-ubuntu-1404: Synchronizing Cookbooks:
I, [2016-03-15T13:45:30.540374 #24581]  INFO -- default-ubuntu-1404:   - apt (2.9.2)
I, [2016-03-15T13:45:30.548015 #24581]  INFO -- default-ubuntu-1404:   - firewall (2.4.0)
I, [2016-03-15T13:45:30.600500 #24581]  INFO -- default-ubuntu-1404:   - awesome_customers_ubuntu (0.1.0)
I, [2016-03-15T13:45:30.623348 #24581]  INFO -- default-ubuntu-1404:   - mysql2_chef_gem (1.0.2)
I, [2016-03-15T13:45:30.651833 #24581]  INFO -- default-ubuntu-1404:   - httpd (0.3.4)
I, [2016-03-15T13:45:30.674882 #24581]  INFO -- default-ubuntu-1404:   - mysql (6.1.3)
I, [2016-03-15T13:45:30.696728 #24581]  INFO -- default-ubuntu-1404:   - database (4.0.9)
I, [2016-03-15T13:45:30.704046 #24581]  INFO -- default-ubuntu-1404:   - chef-sugar (3.3.0)
I, [2016-03-15T13:45:30.755610 #24581]  INFO -- default-ubuntu-1404:   - compat_resource (12.8.0)
I, [2016-03-15T13:45:30.774851 #24581]  INFO -- default-ubuntu-1404:   - build-essential (2.3.1)
I, [2016-03-15T13:45:30.804602 #24581]  INFO -- default-ubuntu-1404:   - 7-zip (1.0.2)
I, [2016-03-15T13:45:30.810792 #24581]  INFO -- default-ubuntu-1404:   - yum-mysql-community (0.1.21)
I, [2016-03-15T13:45:30.827013 #24581]  INFO -- default-ubuntu-1404:   - smf (2.2.8)
I, [2016-03-15T13:45:30.845026 #24581]  INFO -- default-ubuntu-1404:   - postgresql (4.0.2)
I, [2016-03-15T13:45:30.858617 #24581]  INFO -- default-ubuntu-1404:   - mariadb (0.3.1)
I, [2016-03-15T13:45:30.864671 #24581]  INFO -- default-ubuntu-1404:   - yum (3.10.0)
I, [2016-03-15T13:45:30.884680 #24581]  INFO -- default-ubuntu-1404:   - rbac (1.0.3)
I, [2016-03-15T13:45:30.924508 #24581]  INFO -- default-ubuntu-1404:   - yum-epel (0.6.6)
I, [2016-03-15T13:45:30.924617 #24581]  INFO -- default-ubuntu-1404:   - windows (1.39.2)
I, [2016-03-15T13:45:30.924645 #24581]  INFO -- default-ubuntu-1404:   - openssl (4.4.0)
I, [2016-03-15T13:45:30.924670 #24581]  INFO -- default-ubuntu-1404:   - chef_handler (1.3.0)
I, [2016-03-15T13:45:30.924694 #24581]  INFO -- default-ubuntu-1404: Installing Cookbook Gems:
I, [2016-03-15T13:45:30.924718 #24581]  INFO -- default-ubuntu-1404: Compiling Cookbooks...
I, [2016-03-15T13:45:31.003559 #24581]  INFO -- default-ubuntu-1404: [2016-03-15T20:33:20+00:00] WARN: Default value nil is invalid for property cookbook of resource . Possible fixes: 1. Remove 'default: nil' if nil means 'undefined'. 2. Set a valid default value if there is a reasonable one. 3. Allow nil as a valid value of your property (for example, 'property :cookbook, [ String, nil ], default: nil'). Error: Property cookbook must be one of: String!  You passed nil. at /tmp/kitchen/cache/cookbooks/httpd/libraries/httpd_config.rb:4:in `<class:HttpdConfig>'
I, [2016-03-15T13:45:31.003650 #24581]  INFO -- default-ubuntu-1404: [2016-03-15T20:33:20+00:00] WARN: Default value nil is invalid for property cookbook of resource . Possible fixes: 1. Remove 'default: nil' if nil means 'undefined'. 2. Set a valid default value if there is a reasonable one. 3. Allow nil as a valid value of your property (for example, 'property :cookbook, [ String, nil ], default: nil'). Error: Property cookbook must be one of: String!  You passed nil. at /tmp/kitchen/cache/cookbooks/httpd/libraries/httpd_config.rb:4:in `<class:HttpdConfig>'
I, [2016-03-15T13:45:31.003681 #24581]  INFO -- default-ubuntu-1404: [2016-03-15T20:33:20+00:00] WARN: Default value nil is invalid for property source of resource . Possible fixes: 1. Remove 'default: nil' if nil means 'undefined'. 2. Set a valid default value if there is a reasonable one. 3. Allow nil as a valid value of your property (for example, 'property :source, [ String, nil ], default: nil'). Error: Property source must be one of: String!  You passed nil. at /tmp/kitchen/cache/cookbooks/httpd/libraries/httpd_config.rb:7:in `<class:HttpdConfig>'
I, [2016-03-15T13:45:31.005490 #24581]  INFO -- default-ubuntu-1404: [2016-03-15T20:33:20+00:00] WARN: Default value nil is invalid for property source of resource . Possible fixes: 1. Remove 'default: nil' if nil means 'undefined'. 2. Set a valid default value if there is a reasonable one. 3. Allow nil as a valid value of your property (for example, 'property :source, [ String, nil ], default: nil'). Error: Property source must be one of: String!  You passed nil. at /tmp/kitchen/cache/cookbooks/httpd/libraries/httpd_config.rb:7:in `<class:HttpdConfig>'
I, [2016-03-15T13:45:31.014349 #24581]  INFO -- default-ubuntu-1404: [2016-03-15T20:33:20+00:00] WARN: Default value nil is invalid for property variables of resource . Possible fixes: 1. Remove 'default: nil' if nil means 'undefined'. 2. Set a valid default value if there is a reasonable one. 3. Allow nil as a valid value of your property (for example, 'property :variables, [ String, nil ], default: nil'). Error: Property variables must be one of: Hash!  You passed nil. at /tmp/kitchen/cache/cookbooks/httpd/libraries/httpd_config.rb:8:in `<class:HttpdConfig>'
I, [2016-03-15T13:45:31.014421 #24581]  INFO -- default-ubuntu-1404: [2016-03-15T20:33:20+00:00] WARN: Default value nil is invalid for property variables of resource . Possible fixes: 1. Remove 'default: nil' if nil means 'undefined'. 2. Set a valid default value if there is a reasonable one. 3. Allow nil as a valid value of your property (for example, 'property :variables, [ String, nil ], default: nil'). Error: Property variables must be one of: Hash!  You passed nil. at /tmp/kitchen/cache/cookbooks/httpd/libraries/httpd_config.rb:8:in `<class:HttpdConfig>'
I, [2016-03-15T13:45:31.238665 #24581]  INFO -- default-ubuntu-1404: Recipe: chef-sugar::default
I, [2016-03-15T13:45:31.451501 #24581]  INFO -- default-ubuntu-1404:   * chef_gem[chef-sugar] action install (up to date)
I, [2016-03-15T13:45:31.541357 #24581]  INFO -- default-ubuntu-1404:   Converging 33 resources
I, [2016-03-15T13:45:31.541455 #24581]  INFO -- default-ubuntu-1404: Recipe: apt::default
I, [2016-03-15T13:45:31.541490 #24581]  INFO -- default-ubuntu-1404:   * file[/var/lib/apt/periodic/update-success-stamp] action nothing (skipped due to action :nothing)
I, [2016-03-15T13:45:31.548030 #24581]  INFO -- default-ubuntu-1404:   * directory[/etc/apt/apt.conf.d] action create (up to date)
I, [2016-03-15T13:45:31.567177 #24581]  INFO -- default-ubuntu-1404:   * cookbook_file[/etc/apt/apt.conf.d/15update-stamp] action create (up to date)
I, [2016-03-15T13:45:31.575912 #24581]  INFO -- default-ubuntu-1404:   * execute[apt-get update] action nothing (skipped due to action :nothing)
I, [2016-03-15T13:45:31.576023 #24581]  INFO -- default-ubuntu-1404:   * execute[apt-get autoremove] action nothing (skipped due to action :nothing)
I, [2016-03-15T13:45:31.576053 #24581]  INFO -- default-ubuntu-1404:   * execute[apt-get autoclean] action nothing (skipped due to action :nothing)
I, [2016-03-15T13:45:31.588604 #24581]  INFO -- default-ubuntu-1404:   * execute[apt-get-update-periodic] action run (skipped due to not_if)
I, [2016-03-15T13:45:31.598256 #24581]  INFO -- default-ubuntu-1404:   * directory[/var/cache/local] action create (up to date)
I, [2016-03-15T13:45:31.613203 #24581]  INFO -- default-ubuntu-1404:   * directory[/var/cache/local/preseeding] action create (up to date)
I, [2016-03-15T13:45:31.624171 #24581]  INFO -- default-ubuntu-1404:   * template[/etc/apt/apt.conf.d/10recommends] action create (up to date)
I, [2016-03-15T13:45:31.780927 #24581]  INFO -- default-ubuntu-1404:   * apt_package[apt-transport-https] action install (up to date)
I, [2016-03-15T13:45:31.788571 #24581]  INFO -- default-ubuntu-1404: Recipe: chef-sugar::default
I, [2016-03-15T13:45:31.788626 #24581]  INFO -- default-ubuntu-1404:   * chef_gem[chef-sugar] action install (up to date)
I, [2016-03-15T13:45:31.788655 #24581]  INFO -- default-ubuntu-1404: Recipe: firewall::default
I, [2016-03-15T13:45:31.788680 #24581]  INFO -- default-ubuntu-1404:   * firewall[default] action install
I, [2016-03-15T13:45:31.788704 #24581]  INFO -- default-ubuntu-1404:     - install ufw, create template for /etc/default
I, [2016-03-15T13:45:31.961915 #24581]  INFO -- default-ubuntu-1404:   * apt_package[ufw] action install (up to date)
I, [2016-03-15T13:45:31.977440 #24581]  INFO -- default-ubuntu-1404:   * template[/etc/default/ufw] action create (up to date)
I, [2016-03-15T13:45:31.983556 #24581]  INFO -- default-ubuntu-1404:   * file[create empty /etc/default/ufw-chef.rules] action create (skipped due to not_if)
I, [2016-03-15T13:45:31.983680 #24581]  INFO -- default-ubuntu-1404:   * firewall_rule[allow world to ssh] action create
I, [2016-03-15T13:45:31.983712 #24581]  INFO -- default-ubuntu-1404:   
I, [2016-03-15T13:45:31.983771 #24581]  INFO -- default-ubuntu-1404:   * firewall_rule[allow world to winrm] action create (skipped due to only_if)
I, [2016-03-15T13:45:31.993774 #24581]  INFO -- default-ubuntu-1404:   * firewall_rule[established] action create (skipped due to only_if)
I, [2016-03-15T13:45:31.999653 #24581]  INFO -- default-ubuntu-1404:   * firewall_rule[ipv6_icmp] action create (skipped due to only_if)
I, [2016-03-15T13:45:31.999744 #24581]  INFO -- default-ubuntu-1404: Recipe: awesome_customers_ubuntu::firewall
I, [2016-03-15T13:45:31.999772 #24581]  INFO -- default-ubuntu-1404:   * firewall_rule[open ports 80] action create
I, [2016-03-15T13:45:31.999810 #24581]  INFO -- default-ubuntu-1404:   
I, [2016-03-15T13:45:31.999835 #24581]  INFO -- default-ubuntu-1404: Recipe: awesome_customers_ubuntu::web_user
I, [2016-03-15T13:45:32.002727 #24581]  INFO -- default-ubuntu-1404:   * group[web_admin] action create (up to date)
I, [2016-03-15T13:45:32.034923 #24581]  INFO -- default-ubuntu-1404:   * user[web_admin] action create (up to date)
I, [2016-03-15T13:45:32.035033 #24581]  INFO -- default-ubuntu-1404: Recipe: awesome_customers_ubuntu::web
I, [2016-03-15T13:45:32.095613 #24581]  INFO -- default-ubuntu-1404:   * httpd_service_debian_sysvinit[customers] action create[2016-03-15T20:33:21+00:00] WARN: Default value nil is invalid for property maxrequestsperchild of resource . Possible fixes: 1. Remove 'default: nil' if nil means 'undefined'. 2. Set a valid default value if there is a reasonable one. 3. Allow nil as a valid value of your property (for example, 'property :maxrequestsperchild, [ String, nil ], default: nil'). Error: Property maxrequestsperchild must be one of: String!  You passed nil. at /tmp/kitchen/cache/cookbooks/httpd/libraries/httpd_service_debian.rb:239:in `block (2 levels) in <class:HttpdServiceDebian>'
I, [2016-03-15T13:45:32.095730 #24581]  INFO -- default-ubuntu-1404: [2016-03-15T20:33:21+00:00] WARN: Default value nil is invalid for property maxsparethreads of resource . Possible fixes: 1. Remove 'default: nil' if nil means 'undefined'. 2. Set a valid default value if there is a reasonable one. 3. Allow nil as a valid value of your property (for example, 'property :maxsparethreads, [ String, nil ], default: nil'). Error: Property maxsparethreads must be one of: String!  You passed nil. at /tmp/kitchen/cache/cookbooks/httpd/libraries/httpd_service_debian.rb:242:in `block (2 levels) in <class:HttpdServiceDebian>'
I, [2016-03-15T13:45:32.095771 #24581]  INFO -- default-ubuntu-1404: [2016-03-15T20:33:21+00:00] WARN: Default value nil is invalid for property minsparethreads of resource . Possible fixes: 1. Remove 'default: nil' if nil means 'undefined'. 2. Set a valid default value if there is a reasonable one. 3. Allow nil as a valid value of your property (for example, 'property :minsparethreads, [ String, nil ], default: nil'). Error: Property minsparethreads must be one of: String!  You passed nil. at /tmp/kitchen/cache/cookbooks/httpd/libraries/httpd_service_debian.rb:244:in `block (2 levels) in <class:HttpdServiceDebian>'
I, [2016-03-15T13:45:32.097648 #24581]  INFO -- default-ubuntu-1404: [2016-03-15T20:33:21+00:00] WARN: Default value nil is invalid for property threadlimit of resource . Possible fixes: 1. Remove 'default: nil' if nil means 'undefined'. 2. Set a valid default value if there is a reasonable one. 3. Allow nil as a valid value of your property (for example, 'property :threadlimit, [ String, nil ], default: nil'). Error: Property threadlimit must be one of: String!  You passed nil. at /tmp/kitchen/cache/cookbooks/httpd/libraries/httpd_service_debian.rb:247:in `block (2 levels) in <class:HttpdServiceDebian>'
I, [2016-03-15T13:45:32.100008 #24581]  INFO -- default-ubuntu-1404: [2016-03-15T20:33:21+00:00] WARN: Default value nil is invalid for property threadsperchild of resource . Possible fixes: 1. Remove 'default: nil' if nil means 'undefined'. 2. Set a valid default value if there is a reasonable one. 3. Allow nil as a valid value of your property (for example, 'property :threadsperchild, [ String, nil ], default: nil'). Error: Property threadsperchild must be one of: String!  You passed nil. at /tmp/kitchen/cache/cookbooks/httpd/libraries/httpd_service_debian.rb:248:in `block (2 levels) in <class:HttpdServiceDebian>'
I, [2016-03-15T13:45:32.113403 #24581]  INFO -- default-ubuntu-1404: 
I, [2016-03-15T13:45:32.160615 #24581]  INFO -- default-ubuntu-1404:     * apt_package[apache2] action install (up to date)
I, [2016-03-15T13:45:32.315225 #24581]  INFO -- default-ubuntu-1404:     * service[apache2] action stop (up to date)
I, [2016-03-15T13:45:32.359863 #24581]  INFO -- default-ubuntu-1404:     * service[apache2] action disable (up to date)
I, [2016-03-15T13:45:32.359964 #24581]  INFO -- default-ubuntu-1404:     * directory[/var/cache/apache2-customers] action create (up to date)
I, [2016-03-15T13:45:32.370071 #24581]  INFO -- default-ubuntu-1404:     * directory[/var/log/apache2-customers] action create (up to date)
I, [2016-03-15T13:45:32.370159 #24581]  INFO -- default-ubuntu-1404:     * directory[/var/run/apache2] action create (up to date)
I, [2016-03-15T13:45:32.384235 #24581]  INFO -- default-ubuntu-1404:     * directory[/etc/apache2-customers] action create (up to date)
I, [2016-03-15T13:45:32.391390 #24581]  INFO -- default-ubuntu-1404:     * directory[/etc/apache2-customers/conf-available] action create (up to date)
I, [2016-03-15T13:45:32.398249 #24581]  INFO -- default-ubuntu-1404:     * directory[/etc/apache2-customers/conf-enabled] action create (up to date)
I, [2016-03-15T13:45:32.409309 #24581]  INFO -- default-ubuntu-1404:     * directory[/var/lock/apache2-customers] action create (up to date)
I, [2016-03-15T13:45:32.420886 #24581]  INFO -- default-ubuntu-1404:     * directory[/etc/apache2-customers/mods-available] action create (up to date)
I, [2016-03-15T13:45:32.420994 #24581]  INFO -- default-ubuntu-1404:     * directory[/etc/apache2-customers/mods-enabled] action create (up to date)
I, [2016-03-15T13:45:32.421025 #24581]  INFO -- default-ubuntu-1404:     * directory[/etc/apache2-customers/sites-available] action create (up to date)
I, [2016-03-15T13:45:32.428906 #24581]  INFO -- default-ubuntu-1404:     * directory[/etc/apache2-customers/sites-enabled] action create (up to date)
I, [2016-03-15T13:45:32.448552 #24581]  INFO -- default-ubuntu-1404:     * template[/etc/apache2-customers/envvars] action create (up to date)
I, [2016-03-15T13:45:32.462548 #24581]  INFO -- default-ubuntu-1404:     * template[/usr/sbin/a2enmod] action create (up to date)
I, [2016-03-15T13:45:32.505306 #24581]  INFO -- default-ubuntu-1404:     * link[/usr/sbin/a2enmod-customers] action create (skipped due to not_if)
I, [2016-03-15T13:45:32.515271 #24581]  INFO -- default-ubuntu-1404:     * link[/usr/sbin/a2dismod-customers] action create (up to date)
I, [2016-03-15T13:45:32.515347 #24581]  INFO -- default-ubuntu-1404:     * link[/usr/sbin/a2ensite-customers] action create (up to date)
I, [2016-03-15T13:45:32.515390 #24581]  INFO -- default-ubuntu-1404:     * link[/usr/sbin/a2dissite-customers] action create (up to date)
I, [2016-03-15T13:45:32.535283 #24581]  INFO -- default-ubuntu-1404:     * template[/etc/apache2-customers/mime.types] action create (up to date)
I, [2016-03-15T13:45:32.542274 #24581]  INFO -- default-ubuntu-1404:     * file[/etc/apache2-customers/ports.conf] action delete (up to date)
I, [2016-03-15T13:45:32.550073 #24581]  INFO -- default-ubuntu-1404:     * template[/etc/apache2-customers/apache2.conf] action create (up to date)
I, [2016-03-15T13:45:32.617194 #24581]  INFO -- default-ubuntu-1404:     * apt_package[apache2-mpm-prefork] action install (up to date)
I, [2016-03-15T13:45:32.621184 #24581]  INFO -- default-ubuntu-1404:     * httpd_module_debian[mpm_prefork] action create
I, [2016-03-15T13:45:32.661026 #24581]  INFO -- default-ubuntu-1404:       * apt_package[apache2] action install (up to date)
I, [2016-03-15T13:45:32.669604 #24581]  INFO -- default-ubuntu-1404:       * directory[/etc/apache2-customers/mods-available] action create (up to date)
I, [2016-03-15T13:45:32.669697 #24581]  INFO -- default-ubuntu-1404:       * directory[/etc/apache2-customers/mods-enabled] action create (up to date)
I, [2016-03-15T13:45:32.689200 #24581]  INFO -- default-ubuntu-1404:       * template[/etc/apache2-customers/mods-available/mpm_prefork.load] action create (up to date)
I, [2016-03-15T13:45:32.692467 #24581]  INFO -- default-ubuntu-1404:       * link[/etc/apache2-customers/mods-enabled/mpm_prefork.load] action create (up to date)
I, [2016-03-15T13:45:32.714254 #24581]  INFO -- default-ubuntu-1404: (up to date)
I, [2016-03-15T13:45:32.730134 #24581]  INFO -- default-ubuntu-1404:     * httpd_config_debian[mpm_prefork] action create
I, [2016-03-15T13:45:32.730223 #24581]  INFO -- default-ubuntu-1404:       * directory[/etc/apache2-customers/conf-available] action create (up to date)
I, [2016-03-15T13:45:32.749221 #24581]  INFO -- default-ubuntu-1404:       * template[/etc/apache2-customers/conf-available/mpm_prefork.conf] action create (up to date)
I, [2016-03-15T13:45:32.754342 #24581]  INFO -- default-ubuntu-1404:       * directory[/etc/apache2-customers/conf-enabled] action create (up to date)
I, [2016-03-15T13:45:32.763449 #24581]  INFO -- default-ubuntu-1404:       * link[/etc/apache2-customers/conf-enabled/mpm_prefork.conf] action create (up to date)
I, [2016-03-15T13:45:32.763597 #24581]  INFO -- default-ubuntu-1404: (up to date)
I, [2016-03-15T13:45:32.763628 #24581]  INFO -- default-ubuntu-1404:     * httpd_config_debian[mpm_worker] action delete
I, [2016-03-15T13:45:32.763654 #24581]  INFO -- default-ubuntu-1404:       * file[/etc/apache2-customers/conf-available/mpm_worker.conf] action delete (up to date)
I, [2016-03-15T13:45:32.763679 #24581]  INFO -- default-ubuntu-1404:       * link[/etc/apache2-customers/conf-enabled/mpm_worker.conf] action delete (up to date)
I, [2016-03-15T13:45:32.763707 #24581]  INFO -- default-ubuntu-1404: (up to date)
I, [2016-03-15T13:45:32.764891 #24581]  INFO -- default-ubuntu-1404:     * httpd_config_debian[mpm_event] action delete
I, [2016-03-15T13:45:32.780625 #24581]  INFO -- default-ubuntu-1404:       * file[/etc/apache2-customers/conf-available/mpm_event.conf] action delete (up to date)
I, [2016-03-15T13:45:32.780725 #24581]  INFO -- default-ubuntu-1404:       * link[/etc/apache2-customers/conf-enabled/mpm_event.conf] action delete (up to date)
I, [2016-03-15T13:45:32.780765 #24581]  INFO -- default-ubuntu-1404: (up to date)
I, [2016-03-15T13:45:32.782093 #24581]  INFO -- default-ubuntu-1404:     * httpd_module_debian[authz_core] action create
I, [2016-03-15T13:45:32.820257 #24581]  INFO -- default-ubuntu-1404:       * apt_package[apache2] action install (up to date)
I, [2016-03-15T13:45:32.828502 #24581]  INFO -- default-ubuntu-1404:       * directory[/etc/apache2-customers/mods-available] action create (up to date)
I, [2016-03-15T13:45:32.844867 #24581]  INFO -- default-ubuntu-1404:       * directory[/etc/apache2-customers/mods-enabled] action create (up to date)
I, [2016-03-15T13:45:32.856880 #24581]  INFO -- default-ubuntu-1404:       * template[/etc/apache2-customers/mods-available/authz_core.load] action create (up to date)
I, [2016-03-15T13:45:32.856989 #24581]  INFO -- default-ubuntu-1404:       * link[/etc/apache2-customers/mods-enabled/authz_core.load] action create (up to date)
I, [2016-03-15T13:45:32.857033 #24581]  INFO -- default-ubuntu-1404: (up to date)
I, [2016-03-15T13:45:32.860599 #24581]  INFO -- default-ubuntu-1404:     * httpd_module_debian[authz_host] action create
I, [2016-03-15T13:45:32.916928 #24581]  INFO -- default-ubuntu-1404:       * apt_package[apache2] action install (up to date)
I, [2016-03-15T13:45:32.924347 #24581]  INFO -- default-ubuntu-1404:       * directory[/etc/apache2-customers/mods-available] action create (up to date)
I, [2016-03-15T13:45:32.926572 #24581]  INFO -- default-ubuntu-1404:       * directory[/etc/apache2-customers/mods-enabled] action create (up to date)
I, [2016-03-15T13:45:32.944345 #24581]  INFO -- default-ubuntu-1404:       * template[/etc/apache2-customers/mods-available/authz_host.load] action create (up to date)
I, [2016-03-15T13:45:32.944435 #24581]  INFO -- default-ubuntu-1404:       * link[/etc/apache2-customers/mods-enabled/authz_host.load] action create (up to date)
I, [2016-03-15T13:45:32.944474 #24581]  INFO -- default-ubuntu-1404: (up to date)
I, [2016-03-15T13:45:32.955632 #24581]  INFO -- default-ubuntu-1404:     * httpd_module_debian[authn_core] action create
I, [2016-03-15T13:45:32.996526 #24581]  INFO -- default-ubuntu-1404:       * apt_package[apache2] action install (up to date)
I, [2016-03-15T13:45:32.996617 #24581]  INFO -- default-ubuntu-1404:       * directory[/etc/apache2-customers/mods-available] action create (up to date)
I, [2016-03-15T13:45:33.004666 #24581]  INFO -- default-ubuntu-1404:       * directory[/etc/apache2-customers/mods-enabled] action create (up to date)
I, [2016-03-15T13:45:33.024489 #24581]  INFO -- default-ubuntu-1404:       * template[/etc/apache2-customers/mods-available/authn_core.load] action create (up to date)
I, [2016-03-15T13:45:33.024578 #24581]  INFO -- default-ubuntu-1404:       * link[/etc/apache2-customers/mods-enabled/authn_core.load] action create (up to date)
I, [2016-03-15T13:45:33.024617 #24581]  INFO -- default-ubuntu-1404: (up to date)
I, [2016-03-15T13:45:33.028843 #24581]  INFO -- default-ubuntu-1404:     * httpd_module_debian[auth_basic] action create
I, [2016-03-15T13:45:33.073612 #24581]  INFO -- default-ubuntu-1404:       * apt_package[apache2] action install (up to date)
I, [2016-03-15T13:45:33.081674 #24581]  INFO -- default-ubuntu-1404:       * directory[/etc/apache2-customers/mods-available] action create (up to date)
I, [2016-03-15T13:45:33.081764 #24581]  INFO -- default-ubuntu-1404:       * directory[/etc/apache2-customers/mods-enabled] action create (up to date)
I, [2016-03-15T13:45:33.099731 #24581]  INFO -- default-ubuntu-1404:       * template[/etc/apache2-customers/mods-available/auth_basic.load] action create (up to date)
I, [2016-03-15T13:45:33.099838 #24581]  INFO -- default-ubuntu-1404:       * link[/etc/apache2-customers/mods-enabled/auth_basic.load] action create (up to date)
I, [2016-03-15T13:45:33.108050 #24581]  INFO -- default-ubuntu-1404: (up to date)
I, [2016-03-15T13:45:33.116769 #24581]  INFO -- default-ubuntu-1404:     * httpd_module_debian[access_compat] action create
I, [2016-03-15T13:45:33.164750 #24581]  INFO -- default-ubuntu-1404:       * apt_package[apache2] action install (up to date)
I, [2016-03-15T13:45:33.172442 #24581]  INFO -- default-ubuntu-1404:       * directory[/etc/apache2-customers/mods-available] action create (up to date)
I, [2016-03-15T13:45:33.172529 #24581]  INFO -- default-ubuntu-1404:       * directory[/etc/apache2-customers/mods-enabled] action create (up to date)
I, [2016-03-15T13:45:33.187726 #24581]  INFO -- default-ubuntu-1404:       * template[/etc/apache2-customers/mods-available/access_compat.load] action create (up to date)
I, [2016-03-15T13:45:33.197310 #24581]  INFO -- default-ubuntu-1404:       * link[/etc/apache2-customers/mods-enabled/access_compat.load] action create (up to date)
I, [2016-03-15T13:45:33.207965 #24581]  INFO -- default-ubuntu-1404: (up to date)
I, [2016-03-15T13:45:33.209163 #24581]  INFO -- default-ubuntu-1404:     * httpd_module_debian[authn_file] action create
I, [2016-03-15T13:45:33.251551 #24581]  INFO -- default-ubuntu-1404:       * apt_package[apache2] action install (up to date)
I, [2016-03-15T13:45:33.268110 #24581]  INFO -- default-ubuntu-1404:       * directory[/etc/apache2-customers/mods-available] action create (up to date)
I, [2016-03-15T13:45:33.268199 #24581]  INFO -- default-ubuntu-1404:       * directory[/etc/apache2-customers/mods-enabled] action create (up to date)
I, [2016-03-15T13:45:33.273604 #24581]  INFO -- default-ubuntu-1404:       * template[/etc/apache2-customers/mods-available/authn_file.load] action create (up to date)
I, [2016-03-15T13:45:33.282012 #24581]  INFO -- default-ubuntu-1404:       * link[/etc/apache2-customers/mods-enabled/authn_file.load] action create (up to date)
I, [2016-03-15T13:45:33.282152 #24581]  INFO -- default-ubuntu-1404: (up to date)
I, [2016-03-15T13:45:33.283461 #24581]  INFO -- default-ubuntu-1404:     * httpd_module_debian[authz_user] action create
I, [2016-03-15T13:45:33.329554 #24581]  INFO -- default-ubuntu-1404:       * apt_package[apache2] action install (up to date)
I, [2016-03-15T13:45:33.336594 #24581]  INFO -- default-ubuntu-1404:       * directory[/etc/apache2-customers/mods-available] action create (up to date)
I, [2016-03-15T13:45:33.336653 #24581]  INFO -- default-ubuntu-1404:       * directory[/etc/apache2-customers/mods-enabled] action create (up to date)
I, [2016-03-15T13:45:33.354944 #24581]  INFO -- default-ubuntu-1404:       * template[/etc/apache2-customers/mods-available/authz_user.load] action create (up to date)
I, [2016-03-15T13:45:33.355034 #24581]  INFO -- default-ubuntu-1404:       * link[/etc/apache2-customers/mods-enabled/authz_user.load] action create (up to date)
I, [2016-03-15T13:45:33.357747 #24581]  INFO -- default-ubuntu-1404: (up to date)
I, [2016-03-15T13:45:33.365574 #24581]  INFO -- default-ubuntu-1404:     * httpd_module_debian[alias] action create
I, [2016-03-15T13:45:33.409898 #24581]  INFO -- default-ubuntu-1404:       * apt_package[apache2] action install (up to date)
I, [2016-03-15T13:45:33.430963 #24581]  INFO -- default-ubuntu-1404:       * directory[/etc/apache2-customers/mods-available] action create (up to date)
I, [2016-03-15T13:45:33.431075 #24581]  INFO -- default-ubuntu-1404:       * directory[/etc/apache2-customers/mods-enabled] action create (up to date)
I, [2016-03-15T13:45:33.454505 #24581]  INFO -- default-ubuntu-1404:       * template[/etc/apache2-customers/mods-available/alias.load] action create (up to date)
I, [2016-03-15T13:45:33.454615 #24581]  INFO -- default-ubuntu-1404:       * link[/etc/apache2-customers/mods-enabled/alias.load] action create (up to date)
I, [2016-03-15T13:45:33.454688 #24581]  INFO -- default-ubuntu-1404: (up to date)
I, [2016-03-15T13:45:33.461602 #24581]  INFO -- default-ubuntu-1404:     * httpd_module_debian[dir] action create
I, [2016-03-15T13:45:33.493549 #24581]  INFO -- default-ubuntu-1404:       * apt_package[apache2] action install (up to date)
I, [2016-03-15T13:45:33.509566 #24581]  INFO -- default-ubuntu-1404:       * directory[/etc/apache2-customers/mods-available] action create (up to date)
I, [2016-03-15T13:45:33.515807 #24581]  INFO -- default-ubuntu-1404:       * directory[/etc/apache2-customers/mods-enabled] action create (up to date)
I, [2016-03-15T13:45:33.521976 #24581]  INFO -- default-ubuntu-1404:       * template[/etc/apache2-customers/mods-available/dir.load] action create (up to date)
I, [2016-03-15T13:45:33.526934 #24581]  INFO -- default-ubuntu-1404:       * link[/etc/apache2-customers/mods-enabled/dir.load] action create (up to date)
I, [2016-03-15T13:45:33.527061 #24581]  INFO -- default-ubuntu-1404: (up to date)
I, [2016-03-15T13:45:33.540927 #24581]  INFO -- default-ubuntu-1404:     * httpd_module_debian[autoindex] action create
I, [2016-03-15T13:45:33.569641 #24581]  INFO -- default-ubuntu-1404:       * apt_package[apache2] action install (up to date)
I, [2016-03-15T13:45:33.579000 #24581]  INFO -- default-ubuntu-1404:       * directory[/etc/apache2-customers/mods-available] action create (up to date)
I, [2016-03-15T13:45:33.579091 #24581]  INFO -- default-ubuntu-1404:       * directory[/etc/apache2-customers/mods-enabled] action create (up to date)
I, [2016-03-15T13:45:33.589084 #24581]  INFO -- default-ubuntu-1404:       * template[/etc/apache2-customers/mods-available/autoindex.load] action create (up to date)
I, [2016-03-15T13:45:33.606632 #24581]  INFO -- default-ubuntu-1404:       * link[/etc/apache2-customers/mods-enabled/autoindex.load] action create (up to date)
I, [2016-03-15T13:45:33.606732 #24581]  INFO -- default-ubuntu-1404: (up to date)
I, [2016-03-15T13:45:33.609587 #24581]  INFO -- default-ubuntu-1404:     * httpd_module_debian[env] action create
I, [2016-03-15T13:45:33.664355 #24581]  INFO -- default-ubuntu-1404:       * apt_package[apache2] action install (up to date)
I, [2016-03-15T13:45:33.666719 #24581]  INFO -- default-ubuntu-1404:       * directory[/etc/apache2-customers/mods-available] action create (up to date)
I, [2016-03-15T13:45:33.681205 #24581]  INFO -- default-ubuntu-1404:       * directory[/etc/apache2-customers/mods-enabled] action create (up to date)
I, [2016-03-15T13:45:33.681294 #24581]  INFO -- default-ubuntu-1404:       * template[/etc/apache2-customers/mods-available/env.load] action create (up to date)
I, [2016-03-15T13:45:33.694836 #24581]  INFO -- default-ubuntu-1404:       * link[/etc/apache2-customers/mods-enabled/env.load] action create (up to date)
I, [2016-03-15T13:45:33.694966 #24581]  INFO -- default-ubuntu-1404: (up to date)
I, [2016-03-15T13:45:33.703314 #24581]  INFO -- default-ubuntu-1404:     * httpd_module_debian[mime] action create
I, [2016-03-15T13:45:33.729562 #24581]  INFO -- default-ubuntu-1404:       * apt_package[apache2] action install (up to date)
I, [2016-03-15T13:45:33.737193 #24581]  INFO -- default-ubuntu-1404:       * directory[/etc/apache2-customers/mods-available] action create (up to date)
I, [2016-03-15T13:45:33.743236 #24581]  INFO -- default-ubuntu-1404:       * directory[/etc/apache2-customers/mods-enabled] action create (up to date)
I, [2016-03-15T13:45:33.752838 #24581]  INFO -- default-ubuntu-1404:       * template[/etc/apache2-customers/mods-available/mime.load] action create (up to date)
I, [2016-03-15T13:45:33.767279 #24581]  INFO -- default-ubuntu-1404:       * link[/etc/apache2-customers/mods-enabled/mime.load] action create (up to date)
I, [2016-03-15T13:45:33.767396 #24581]  INFO -- default-ubuntu-1404: (up to date)
I, [2016-03-15T13:45:33.769956 #24581]  INFO -- default-ubuntu-1404:     * httpd_module_debian[negotiation] action create
I, [2016-03-15T13:45:33.801810 #24581]  INFO -- default-ubuntu-1404:       * apt_package[apache2] action install (up to date)
I, [2016-03-15T13:45:33.808915 #24581]  INFO -- default-ubuntu-1404:       * directory[/etc/apache2-customers/mods-available] action create (up to date)
I, [2016-03-15T13:45:33.814132 #24581]  INFO -- default-ubuntu-1404:       * directory[/etc/apache2-customers/mods-enabled] action create (up to date)
I, [2016-03-15T13:45:33.833547 #24581]  INFO -- default-ubuntu-1404:       * template[/etc/apache2-customers/mods-available/negotiation.load] action create (up to date)
I, [2016-03-15T13:45:33.833643 #24581]  INFO -- default-ubuntu-1404:       * link[/etc/apache2-customers/mods-enabled/negotiation.load] action create (up to date)
I, [2016-03-15T13:45:33.833715 #24581]  INFO -- default-ubuntu-1404: (up to date)
I, [2016-03-15T13:45:33.839358 #24581]  INFO -- default-ubuntu-1404:     * httpd_module_debian[setenvif] action create
I, [2016-03-15T13:45:33.870563 #24581]  INFO -- default-ubuntu-1404:       * apt_package[apache2] action install (up to date)
I, [2016-03-15T13:45:33.870668 #24581]  INFO -- default-ubuntu-1404:       * directory[/etc/apache2-customers/mods-available] action create (up to date)
I, [2016-03-15T13:45:33.885754 #24581]  INFO -- default-ubuntu-1404:       * directory[/etc/apache2-customers/mods-enabled] action create (up to date)
I, [2016-03-15T13:45:33.902485 #24581]  INFO -- default-ubuntu-1404:       * template[/etc/apache2-customers/mods-available/setenvif.load] action create (up to date)
I, [2016-03-15T13:45:33.902577 #24581]  INFO -- default-ubuntu-1404:       * link[/etc/apache2-customers/mods-enabled/setenvif.load] action create (up to date)
I, [2016-03-15T13:45:33.902650 #24581]  INFO -- default-ubuntu-1404: (up to date)
I, [2016-03-15T13:45:33.904012 #24581]  INFO -- default-ubuntu-1404:     * httpd_module_debian[filter] action create
I, [2016-03-15T13:45:33.947125 #24581]  INFO -- default-ubuntu-1404:       * apt_package[apache2] action install (up to date)
I, [2016-03-15T13:45:33.954844 #24581]  INFO -- default-ubuntu-1404:       * directory[/etc/apache2-customers/mods-available] action create (up to date)
I, [2016-03-15T13:45:33.954931 #24581]  INFO -- default-ubuntu-1404:       * directory[/etc/apache2-customers/mods-enabled] action create (up to date)
I, [2016-03-15T13:45:33.964693 #24581]  INFO -- default-ubuntu-1404:       * template[/etc/apache2-customers/mods-available/filter.load] action create (up to date)
I, [2016-03-15T13:45:33.964780 #24581]  INFO -- default-ubuntu-1404:       * link[/etc/apache2-customers/mods-enabled/filter.load] action create (up to date)
I, [2016-03-15T13:45:33.964855 #24581]  INFO -- default-ubuntu-1404: (up to date)
I, [2016-03-15T13:45:33.973822 #24581]  INFO -- default-ubuntu-1404:     * httpd_module_debian[deflate] action create
I, [2016-03-15T13:45:34.026866 #24581]  INFO -- default-ubuntu-1404:       * apt_package[apache2] action install (up to date)
I, [2016-03-15T13:45:34.045486 #24581]  INFO -- default-ubuntu-1404:       * directory[/etc/apache2-customers/mods-available] action create (up to date)
I, [2016-03-15T13:45:34.045607 #24581]  INFO -- default-ubuntu-1404:       * directory[/etc/apache2-customers/mods-enabled] action create (up to date)
I, [2016-03-15T13:45:34.067393 #24581]  INFO -- default-ubuntu-1404:       * template[/etc/apache2-customers/mods-available/deflate.load] action create (up to date)
I, [2016-03-15T13:45:34.067494 #24581]  INFO -- default-ubuntu-1404:       * link[/etc/apache2-customers/mods-enabled/deflate.load] action create (up to date)
I, [2016-03-15T13:45:34.067546 #24581]  INFO -- default-ubuntu-1404: (up to date)
I, [2016-03-15T13:45:34.077555 #24581]  INFO -- default-ubuntu-1404:     * httpd_module_debian[status] action create
I, [2016-03-15T13:45:34.118789 #24581]  INFO -- default-ubuntu-1404:       * apt_package[apache2] action install (up to date)
I, [2016-03-15T13:45:34.118898 #24581]  INFO -- default-ubuntu-1404:       * directory[/etc/apache2-customers/mods-available] action create (up to date)
I, [2016-03-15T13:45:34.135172 #24581]  INFO -- default-ubuntu-1404:       * directory[/etc/apache2-customers/mods-enabled] action create (up to date)
I, [2016-03-15T13:45:34.145896 #24581]  INFO -- default-ubuntu-1404:       * template[/etc/apache2-customers/mods-available/status.load] action create (up to date)
I, [2016-03-15T13:45:34.151164 #24581]  INFO -- default-ubuntu-1404:       * link[/etc/apache2-customers/mods-enabled/status.load] action create (up to date)
I, [2016-03-15T13:45:34.151281 #24581]  INFO -- default-ubuntu-1404: (up to date)
I, [2016-03-15T13:45:34.151319 #24581]  INFO -- default-ubuntu-1404:      (up to date)
I, [2016-03-15T13:45:34.153411 #24581]  INFO -- default-ubuntu-1404:   * httpd_service_debian_sysvinit[customers] action start
I, [2016-03-15T13:45:34.179273 #24581]  INFO -- default-ubuntu-1404:     * template[/etc/init.d/apache2-customers] action create (up to date)
I, [2016-03-15T13:45:34.245030 #24581]  INFO -- default-ubuntu-1404:     * service[apache2-customers] action start (up to date)
I, [2016-03-15T13:45:34.311365 #24581]  INFO -- default-ubuntu-1404:     * service[apache2-customers] action enable (up to date)
I, [2016-03-15T13:45:34.311460 #24581]  INFO -- default-ubuntu-1404:      (up to date)
I, [2016-03-15T13:45:34.312572 #24581]  INFO -- default-ubuntu-1404:   * httpd_config_debian[customers] action create
I, [2016-03-15T13:45:34.318354 #24581]  INFO -- default-ubuntu-1404:     * directory[/etc/apache2-customers/conf-available] action create (up to date)
I, [2016-03-15T13:45:34.330018 #24581]  INFO -- default-ubuntu-1404:     * template[/etc/apache2-customers/conf-available/customers.conf] action create (up to date)
I, [2016-03-15T13:45:34.336787 #24581]  INFO -- default-ubuntu-1404:     * directory[/etc/apache2-customers/conf-enabled] action create (up to date)
I, [2016-03-15T13:45:34.347956 #24581]  INFO -- default-ubuntu-1404:     * link[/etc/apache2-customers/conf-enabled/customers.conf] action create (up to date)
I, [2016-03-15T13:45:34.354333 #24581]  INFO -- default-ubuntu-1404:      (up to date)
I, [2016-03-15T13:45:34.377776 #24581]  INFO -- default-ubuntu-1404:   * directory[/var/www/customers/public_html] action create (up to date)
I, [2016-03-15T13:45:34.419992 #24581]  INFO -- default-ubuntu-1404:   * template[/var/www/customers/public_html/index.php] action create (up to date)
I, [2016-03-15T13:45:34.439876 #24581]  INFO -- default-ubuntu-1404:   * httpd_module_debian[php5] action create
I, [2016-03-15T13:45:34.535511 #24581]  INFO -- default-ubuntu-1404:     * apt_package[libapache2-mod-php5] action install (up to date)
I, [2016-03-15T13:45:34.543460 #24581]  INFO -- default-ubuntu-1404:     * directory[/etc/apache2-customers/mods-available] action create (up to date)
I, [2016-03-15T13:45:34.549939 #24581]  INFO -- default-ubuntu-1404:     * directory[/etc/apache2-customers/mods-enabled] action create (up to date)
I, [2016-03-15T13:45:34.563069 #24581]  INFO -- default-ubuntu-1404:     * template[/etc/apache2-customers/mods-available/php5.load] action create (up to date)
I, [2016-03-15T13:45:34.563200 #24581]  INFO -- default-ubuntu-1404:     * link[/etc/apache2-customers/mods-enabled/php5.load] action create (up to date)
I, [2016-03-15T13:45:34.563231 #24581]  INFO -- default-ubuntu-1404:      (up to date)
I, [2016-03-15T13:45:34.655209 #24581]  INFO -- default-ubuntu-1404:   * apt_package[php5-mysql] action install (up to date)
I, [2016-03-15T13:45:34.657557 #24581]  INFO -- default-ubuntu-1404: Recipe: awesome_customers_ubuntu::database
I, [2016-03-15T13:45:34.672791 #24581]  INFO -- default-ubuntu-1404:   * mysql2_chef_gem[default] action install[2016-03-15T20:33:23+00:00] WARN: /tmp/kitchen/cache/cookbooks/mysql2_chef_gem/libraries/provider_mysql2_chef_gem_mysql.rb:17:in `block (2 levels) in <class:Mysql>': property version is declared in both mysql_client[default] and #<Chef::Provider::Mysql2ChefGem::Mysql:0x000000077170f8>. Use new_resource.version instead. At /tmp/kitchen/cache/cookbooks/mysql2_chef_gem/libraries/provider_mysql2_chef_gem_mysql.rb:17:in `block (2 levels) in <class:Mysql>'
I, [2016-03-15T13:45:34.678415 #24581]  INFO -- default-ubuntu-1404: 
I, [2016-03-15T13:45:34.678484 #24581]  INFO -- default-ubuntu-1404:   Recipe: build-essential::_debian
I, [2016-03-15T13:45:34.747056 #24581]  INFO -- default-ubuntu-1404:     * apt_package[autoconf] action install (up to date)
I, [2016-03-15T13:45:34.781191 #24581]  INFO -- default-ubuntu-1404:     * apt_package[binutils-doc] action install (up to date)
I, [2016-03-15T13:45:34.826960 #24581]  INFO -- default-ubuntu-1404:     * apt_package[bison] action install (up to date)
I, [2016-03-15T13:45:34.867165 #24581]  INFO -- default-ubuntu-1404:     * apt_package[build-essential] action install (up to date)
I, [2016-03-15T13:45:34.924680 #24581]  INFO -- default-ubuntu-1404:     * apt_package[flex] action install (up to date)
I, [2016-03-15T13:45:34.967446 #24581]  INFO -- default-ubuntu-1404:     * apt_package[gettext] action install (up to date)
I, [2016-03-15T13:45:35.138167 #24581]  INFO -- default-ubuntu-1404:     * apt_package[ncurses-dev] action install (up to date)
I, [2016-03-15T13:45:35.140371 #24581]  INFO -- default-ubuntu-1404:     * mysql_client[default] action create[2016-03-15T20:33:24+00:00] WARN: /tmp/kitchen/cache/cookbooks/mysql/libraries/provider_mysql_client.rb:24:in `block (3 levels) in <class:MysqlClient>': property version is declared in both apt_package[default :create mysql-client-5.5] and #<Chef::Provider::MysqlClient:0x00000007896f28>. Use new_resource.version instead. At /tmp/kitchen/cache/cookbooks/mysql/libraries/provider_mysql_client.rb:24:in `block (3 levels) in <class:MysqlClient>'
I, [2016-03-15T13:45:35.143330 #24581]  INFO -- default-ubuntu-1404: [2016-03-15T20:33:24+00:00] WARN: /tmp/kitchen/cache/cookbooks/mysql/libraries/provider_mysql_client.rb:24:in `block (3 levels) in <class:MysqlClient>': property version is declared in both apt_package[default :create libmysqlclient-dev] and #<Chef::Provider::MysqlClient:0x00000007896f28>. Use new_resource.version instead. At /tmp/kitchen/cache/cookbooks/mysql/libraries/provider_mysql_client.rb:24:in `block (3 levels) in <class:MysqlClient>'
I, [2016-03-15T13:45:35.144563 #24581]  INFO -- default-ubuntu-1404: 
I, [2016-03-15T13:45:35.232908 #24581]  INFO -- default-ubuntu-1404:       * apt_package[default :create mysql-client-5.5] action install (up to date)
I, [2016-03-15T13:45:35.314246 #24581]  INFO -- default-ubuntu-1404:       * apt_package[default :create libmysqlclient-dev] action install (up to date)
I, [2016-03-15T13:45:35.314354 #24581]  INFO -- default-ubuntu-1404: (up to date)
I, [2016-03-15T13:45:35.314385 #24581]  INFO -- default-ubuntu-1404:     * gem_package[mysql2] action install (up to date)
I, [2016-03-15T13:45:35.317099 #24581]  INFO -- default-ubuntu-1404:      (up to date)
I, [2016-03-15T13:45:35.319136 #24581]  INFO -- default-ubuntu-1404: Recipe: awesome_customers_ubuntu::database
I, [2016-03-15T13:45:35.327833 #24581]  INFO -- default-ubuntu-1404:   * mysql_client[default] action create[2016-03-15T20:33:24+00:00] WARN: /tmp/kitchen/cache/cookbooks/mysql/libraries/provider_mysql_client.rb:24:in `block (3 levels) in <class:MysqlClient>': property version is declared in both apt_package[default :create mysql-client-5.5] and #<Chef::Provider::MysqlClient:0x000000079b9428>. Use new_resource.version instead. At /tmp/kitchen/cache/cookbooks/mysql/libraries/provider_mysql_client.rb:24:in `block (3 levels) in <class:MysqlClient>'
I, [2016-03-15T13:45:35.332148 #24581]  INFO -- default-ubuntu-1404: [2016-03-15T20:33:24+00:00] WARN: /tmp/kitchen/cache/cookbooks/mysql/libraries/provider_mysql_client.rb:24:in `block (3 levels) in <class:MysqlClient>': property version is declared in both apt_package[default :create libmysqlclient-dev] and #<Chef::Provider::MysqlClient:0x000000079b9428>. Use new_resource.version instead. At /tmp/kitchen/cache/cookbooks/mysql/libraries/provider_mysql_client.rb:24:in `block (3 levels) in <class:MysqlClient>'
I, [2016-03-15T13:45:35.333835 #24581]  INFO -- default-ubuntu-1404: 
I, [2016-03-15T13:45:35.365658 #24581]  INFO -- default-ubuntu-1404:     * apt_package[default :create mysql-client-5.5] action install (up to date)
I, [2016-03-15T13:45:35.397831 #24581]  INFO -- default-ubuntu-1404:     * apt_package[default :create libmysqlclient-dev] action install (up to date)
I, [2016-03-15T13:45:35.400549 #24581]  INFO -- default-ubuntu-1404:      (up to date)
I, [2016-03-15T13:45:35.426800 #24581]  INFO -- default-ubuntu-1404:   * mysql_service[default] action create[2016-03-15T20:33:24+00:00] WARN: /tmp/kitchen/cache/cookbooks/mysql/libraries/provider_mysql_service_base.rb:34:in `block (2 levels) in <class:MysqlServiceBase>': property version is declared in both apt_package[default :create mysql-server-5.5] and #<Chef::Provider::MysqlServiceUpstart:0x00000007a6bda8>. Use new_resource.version instead. At /tmp/kitchen/cache/cookbooks/mysql/libraries/provider_mysql_service_base.rb:34:in `block (2 levels) in <class:MysqlServiceBase>'
I, [2016-03-15T13:45:35.450927 #24581]  INFO -- default-ubuntu-1404: 
I, [2016-03-15T13:45:35.519110 #24581]  INFO -- default-ubuntu-1404:     * apt_package[default :create mysql-server-5.5] action install (up to date)
I, [2016-03-15T13:45:35.744157 #24581]  INFO -- default-ubuntu-1404:     * service[default :create mysql] action stop (up to date)
I, [2016-03-15T13:45:35.764154 #24581]  INFO -- default-ubuntu-1404:     * service[default :create mysql] action disable (up to date)
I, [2016-03-15T13:45:35.811849 #24581]  INFO -- default-ubuntu-1404:     * apt_package[default :create apparmor] action install (up to date)
I, [2016-03-15T13:45:35.812946 #24581]  INFO -- default-ubuntu-1404:     * directory[default :create /etc/apparmor.d/local/mysql] action create (up to date)
I, [2016-03-15T13:45:35.839894 #24581]  INFO -- default-ubuntu-1404:     * template[default :create /etc/apparmor.d/local/usr.sbin.mysqld] action create (up to date)
I, [2016-03-15T13:45:35.848585 #24581]  INFO -- default-ubuntu-1404:     * template[default :create /etc/apparmor.d/usr.sbin.mysqld] action create (up to date)
I, [2016-03-15T13:45:35.860885 #24581]  INFO -- default-ubuntu-1404:     * template[default :create /etc/apparmor.d/local/mysql/default] action create (up to date)
I, [2016-03-15T13:45:35.860982 #24581]  INFO -- default-ubuntu-1404:     * service[default :create apparmor] action nothing (skipped due to action :nothing)
I, [2016-03-15T13:45:35.869347 #24581]  INFO -- default-ubuntu-1404:     * group[default :create mysql] action create (up to date)
I, [2016-03-15T13:45:35.869432 #24581]  INFO -- default-ubuntu-1404:     * user[default :create mysql] action create (up to date)
I, [2016-03-15T13:45:35.870465 #24581]  INFO -- default-ubuntu-1404:     * file[default :create /etc/mysql/my.cnf] action delete (up to date)
I, [2016-03-15T13:45:35.877978 #24581]  INFO -- default-ubuntu-1404:     * file[default :create /etc/my.cnf] action delete (up to date)
I, [2016-03-15T13:45:35.898800 #24581]  INFO -- default-ubuntu-1404:     * link[default :create /usr/share/my-default.cnf] action create (up to date)
I, [2016-03-15T13:45:35.905739 #24581]  INFO -- default-ubuntu-1404:     * directory[default :create /etc/mysql-default] action create (up to date)
I, [2016-03-15T13:45:35.909313 #24581]  INFO -- default-ubuntu-1404:     * directory[default :create /etc/mysql-default/conf.d] action create (up to date)
I, [2016-03-15T13:45:35.913514 #24581]  INFO -- default-ubuntu-1404:     * directory[default :create /run/mysql-default] action create (up to date)
I, [2016-03-15T13:45:35.931699 #24581]  INFO -- default-ubuntu-1404:     * directory[default :create /var/log/mysql-default] action create (up to date)
I, [2016-03-15T13:45:35.931812 #24581]  INFO -- default-ubuntu-1404:     * directory[default :create /var/lib/mysql-default] action create (up to date)
I, [2016-03-15T13:45:35.958326 #24581]  INFO -- default-ubuntu-1404:     * template[default :create /etc/mysql-default/my.cnf] action create (up to date)
I, [2016-03-15T13:45:35.988145 #24581]  INFO -- default-ubuntu-1404:     * bash[default :create initial records] action run (skipped due to not_if)
I, [2016-03-15T13:45:35.994607 #24581]  INFO -- default-ubuntu-1404:      (up to date)
I, [2016-03-15T13:45:35.995946 #24581]  INFO -- default-ubuntu-1404:   * mysql_service[default] action start
I, [2016-03-15T13:45:36.008381 #24581]  INFO -- default-ubuntu-1404:     * template[default :start /usr/sbin/mysql-default-wait-ready] action create (up to date)
I, [2016-03-15T13:45:36.027920 #24581]  INFO -- default-ubuntu-1404:     * template[default :start /etc/init/mysql-default.conf] action create (up to date)
I, [2016-03-15T13:45:36.150031 #24581]  INFO -- default-ubuntu-1404:     * service[default :start mysql-default] action start (up to date)
I, [2016-03-15T13:45:36.150141 #24581]  INFO -- default-ubuntu-1404:      (up to date)
I, [2016-03-15T13:45:36.597572 #24581]  INFO -- default-ubuntu-1404:   * mysql_database[my_company] action create (up to date)
I, [2016-03-15T13:45:36.647880 #24581]  INFO -- default-ubuntu-1404:   * mysql_database_user[db_admin] action create (up to date)
I, [2016-03-15T13:45:36.665044 #24581]  INFO -- default-ubuntu-1404:   * mysql_database_user[db_admin] action grant (up to date)
I, [2016-03-15T13:45:36.690922 #24581]  INFO -- default-ubuntu-1404:   * cookbook_file[/tmp/create-tables.sql] action create (up to date)
I, [2016-03-15T13:45:36.777536 #24581]  INFO -- default-ubuntu-1404:   * execute[initialize my_company database] action run (skipped due to not_if)
I, [2016-03-15T13:45:36.777653 #24581]  INFO -- default-ubuntu-1404: Recipe: firewall::default
I, [2016-03-15T13:45:36.779938 #24581]  INFO -- default-ubuntu-1404:   * firewall[default] action restart
I, [2016-03-15T13:45:36.784193 #24581]  INFO -- default-ubuntu-1404:      (skipped due to only_if)
I, [2016-03-15T13:45:36.784235 #24581]  INFO -- default-ubuntu-1404:    (skipped due to only_if)
I, [2016-03-15T13:45:36.784264 #24581]  INFO -- default-ubuntu-1404:  (skipped due to only_if)
I, [2016-03-15T13:45:36.794475 #24581]  INFO -- default-ubuntu-1404: * file[/etc/default/ufw-chef.rules] action create (up to date)
I, [2016-03-15T13:45:36.794571 #24581]  INFO -- default-ubuntu-1404:  (up to date)
I, [2016-03-15T13:45:36.997586 #24581]  INFO -- default-ubuntu-1404: 
I, [2016-03-15T13:45:36.999442 #24581]  INFO -- default-ubuntu-1404: Running handlers:
I, [2016-03-15T13:45:37.002378 #24581]  INFO -- default-ubuntu-1404: Running handlers complete
I, [2016-03-15T13:45:37.006817 #24581]  INFO -- default-ubuntu-1404: Chef Client finished, 3/237 resources updated in 13 seconds
I, [2016-03-15T13:45:37.918312 #24581]  INFO -- default-ubuntu-1404: Finished converging <default-ubuntu-1404> (0m40.17s).
